08/09/2010 08:49:33 p.m. : Object reference not set to an instance of an object.
08/09/2010 08:51:52 p.m. : Object reference not set to an instance of an object.
08/09/2010 10:25:33 p.m. : Invalid column name 'C_ID_PERFIL'.
08/09/2010 10:26:20 p.m. : Invalid column name 'C_ID_PERFIL'.
08/09/2010 10:27:05 p.m. : Invalid column name 'C_ID_PERFIL'.
09/09/2010 06:31:41 p.m. : Invalid column name 'C_NOMBRE_FORMULARIO'.
09/09/2010 06:33:06 p.m. : Invalid column name 'C_NOMBRE_FORMULARIO'.
09/09/2010 10:21:59 p.m. : Incorrect syntax near '='.
09/09/2010 10:24:07 p.m. : Incorrect syntax near '='.
11/09/2010 08:14:44 p.m. : Invalid column name 'N_ID_MARCA'.
Invalid column name 'C_DESCRIPCION_MARCA'.
Invalid column name 'ESTADO'.
11/09/2010 08:15:59 p.m. : Invalid column name 'N_ID_MARCA'.
Invalid column name 'C_DESCRIPCION_MARCA'.
Invalid column name 'ESTADO'.
11/09/2010 08:16:55 p.m. : Invalid column name 'N_ID_MARCA'.
Invalid column name 'C_DESCRIPCION_MARCA'.
Invalid column name 'ESTADO'.
11/09/2010 08:18:24 p.m. : Invalid column name 'ESTADO'.
12/09/2010 10:11:22 a.m. : Incorrect syntax near '='.
12/09/2010 10:11:25 a.m. : Incorrect syntax near '='.
12/09/2010 11:33:05 a.m. : Invalid column name 'bueno'.
12/09/2010 02:10:21 p.m. : Incorrect syntax near the keyword 'SELECT'.
12/09/2010 02:30:56 p.m. : Ambiguous column name 'C_ESTADO'.
12/09/2010 07:17:17 p.m. : Invalid column name 'C_URL_ICON'.
12/09/2010 07:17:36 p.m. : Invalid column name 'C_URL_ICON'.
12/09/2010 07:19:03 p.m. : Invalid column name 'C_URL_ICON'.
13/09/2010 07:16:24 p.m. : Invalid column name 'N_ID_MARCA'.
Invalid column name 'N_ID_CLASE'.
Invalid column name 'N_ID_MARCA'.
Invalid column name 'N_ID_CLASE'.
13/09/2010 07:27:42 p.m. : Incorrect syntax near the keyword 'and'.
13/09/2010 07:29:03 p.m. : Incorrect syntax near the keyword 'and'.
13/09/2010 07:43:26 p.m. : Incorrect syntax near ','.
13/09/2010 07:49:25 p.m. : The multi-part identifier "mod.N_ID_MODELO" could not be bound.
13/09/2010 07:53:48 p.m. : Incorrect syntax near ','.
15/09/2010 07:39:34 p.m. : Incorrect syntax near 'AC'.
16/09/2010 09:21:01 p.m. : Violation of PRIMARY KEY constraint 'PK_Kb_C_Producto'. Cannot insert duplicate key in object 'dbo.Kb_C_Producto'.
The statement has been terminated.
18/09/2010 05:13:56 p.m. : The ConnectionString property has not been initialized.
18/09/2010 05:15:12 p.m. : The ConnectionString property has not been initialized.
18/09/2010 05:16:47 p.m. : The ConnectionString property has not been initialized.
18/09/2010 05:40:49 p.m. : The name "Dealer" is not permitted in this context. Valid expressions are constants, constant expressions, and (in some contexts) variables. Column names are not permitted.
18/09/2010 05:53:56 p.m. : Invalid object name 'KeyBusinessDB'.
18/09/2010 05:55:14 p.m. : Invalid column name 'estatus'.
19/09/2010 03:39:58 p.m. : Incorrect syntax near 'Op%'.
19/09/2010 03:40:07 p.m. : Incorrect syntax near 'Op%'.
19/09/2010 05:11:08 p.m. : Incorrect syntax near ','.
19/09/2010 05:15:55 p.m. : Incorrect syntax near ','.
24/09/2010 11:11:00 a.m. : Column name 'N_PORCENTAJE_MIN' appears more than once in the result column list.
Column name 'N_PORCENTAJE_MAX' appears more than once in the result column list.
24/09/2010 11:46:58 a.m. : Cannot insert duplicate key row in object 'dbo.Kb_C_Producto' with unique index 'idProducto'.
The statement has been terminated.
24/09/2010 11:53:04 a.m. : Cannot insert duplicate key row in object 'dbo.Kb_C_Producto' with unique index 'idProducto'.
The statement has been terminated.
24/09/2010 06:54:54 p.m. : Incorrect syntax near '='.
24/09/2010 06:57:15 p.m. : Incorrect syntax near '('.
24/09/2010 06:58:14 p.m. : There are more columns in the INSERT statement than values specified in the VALUES clause. The number of values in the VALUES clause must match the number of columns specified in the INSERT statement.
24/09/2010 07:15:38 p.m. : Incorrect syntax near '.'.
25/09/2010 06:17:37 p.m. : The ConnectionString property has not been initialized.
25/09/2010 06:18:56 p.m. : The ConnectionString property has not been initialized.
26/09/2010 12:18:48 p.m. : Conversion failed when converting datetime from character string.
27/09/2010 08:43:40 p.m. : Invalid column name 'C_ESTATUS_PERFIL'.
